2025-09-26 14:03:00,601 - INFO - Logging initialized. Log file: ../logs/rag_system_20250926_140300.log
2025-09-26 14:03:00,601 - INFO - RAG System initialized with model: sentence-transformers/all-MiniLM-L6-v2
2025-09-26 14:03:00,601 - INFO - Starting RAG system execution...
2025-09-26 14:03:00,601 - INFO - Loading training data from /Users/mac/Desktop/NLX/assignment 2/src/../data/training.csv
2025-09-26 14:03:00,613 - INFO - Loading test data from /Users/mac/Desktop/NLX/assignment 2/src/../data/test.csv
2025-09-26 14:03:00,614 - INFO - Initializing sentence transformer model: sentence-transformers/all-MiniLM-L6-v2
2025-09-26 14:03:00,650 - INFO - Use pytorch device_name: mps
2025-09-26 14:03:00,651 - INFO - Load pretrained SentenceTransformer: sentence-transformers/all-MiniLM-L6-v2
2025-09-26 14:03:02,387 - INFO - Generating embeddings for 3200 texts
2025-09-26 14:03:09,447 - INFO - Creating FAISS index with 3200 embeddings of dimension 384
2025-09-26 14:03:09,449 - INFO - Printing system summary...
2025-09-26 14:03:09,449 - INFO - System summary printed
2025-09-26 14:03:09,449 - INFO - Testing system with 3 sample questions
2025-09-26 14:03:09,449 - INFO - Searching for passages similar to query: 'Was Abraham Lincoln the sixteenth President of the...'
2025-09-26 14:03:09,449 - INFO - Generating embeddings for 1 texts
2025-09-26 14:03:10,379 - INFO - Searching for passages similar to query: 'Did Lincoln sign the National Banking Act of 1863?...'
2025-09-26 14:03:10,379 - INFO - Generating embeddings for 1 texts
2025-09-26 14:03:10,631 - INFO - Searching for passages similar to query: 'Did his mother die of pneumonia?...'
2025-09-26 14:03:10,631 - INFO - Generating embeddings for 1 texts
2025-09-26 14:03:10,900 - INFO - Evaluating retrieval accuracy on 10 samples
2025-09-26 14:03:10,900 - INFO - Searching for passages similar to query: 'Was Abraham Lincoln the sixteenth President of the...'
2025-09-26 14:03:10,900 - INFO - Generating embeddings for 1 texts
2025-09-26 14:03:10,908 - INFO - Searching for passages similar to query: 'Did Lincoln sign the National Banking Act of 1863?...'
2025-09-26 14:03:10,908 - INFO - Generating embeddings for 1 texts
2025-09-26 14:03:10,915 - INFO - Searching for passages similar to query: 'Did his mother die of pneumonia?...'
2025-09-26 14:03:10,915 - INFO - Generating embeddings for 1 texts
2025-09-26 14:03:10,922 - INFO - Searching for passages similar to query: 'How many long was Lincoln's formal education?...'
2025-09-26 14:03:10,922 - INFO - Generating embeddings for 1 texts
2025-09-26 14:03:10,929 - INFO - Searching for passages similar to query: 'When did Lincoln begin his political career?...'
2025-09-26 14:03:10,929 - INFO - Generating embeddings for 1 texts
2025-09-26 14:03:11,150 - INFO - Searching for passages similar to query: 'What did The Legal Tender Act of 1862 establish?...'
2025-09-26 14:03:11,150 - INFO - Generating embeddings for 1 texts
2025-09-26 14:03:11,158 - INFO - Searching for passages similar to query: 'Who suggested Lincoln grow a beard?...'
2025-09-26 14:03:11,158 - INFO - Generating embeddings for 1 texts
2025-09-26 14:03:11,166 - INFO - Searching for passages similar to query: 'When did the Gettysburg address argue that America...'
2025-09-26 14:03:11,166 - INFO - Generating embeddings for 1 texts
2025-09-26 14:03:11,174 - INFO - Searching for passages similar to query: 'Did Lincoln beat John C. Breckinridge in the 1860 ...'
2025-09-26 14:03:11,174 - INFO - Generating embeddings for 1 texts
2025-09-26 14:03:11,254 - INFO - Searching for passages similar to query: 'Was Abraham Lincoln the first President of the Uni...'
2025-09-26 14:03:11,254 - INFO - Generating embeddings for 1 texts
2025-09-26 14:03:11,262 - INFO - Evaluation results: 5/10 correct, accuracy: 50.0%
2025-09-26 14:03:11,262 - INFO - RAG system execution completed successfully
2025-09-26 14:03:11,262 - INFO - Log file saved at: ../logs/rag_system_20250926_140300.log
